<html>
<head>
<title>TestNG:  Test</title>
<link href="../testng.css" rel="stylesheet" type="text/css" />
<link href="../my-testng.css" rel="stylesheet" type="text/css" />

<style type="text/css">
.log { display: none;} 
.stack-trace { display: none;} 
</style>
<script type="text/javascript">
<!--
function flip(e) {
  current = e.style.display;
  if (current == 'block') {
    e.style.display = 'none';
    return 0;
  }
  else {
    e.style.display = 'block';
    return 1;
  }
}

function toggleBox(szDivId, elem, msg1, msg2)
{
  var res = -1;  if (document.getElementById) {
    res = flip(document.getElementById(szDivId));
  }
  else if (document.all) {
    // this is the way old msie versions work
    res = flip(document.all[szDivId]);
  }
  if(elem) {
    if(res == 0) elem.innerHTML = msg1; else elem.innerHTML = msg2;
  }

}

function toggleAllBoxes() {
  if (document.getElementsByTagName) {
    d = document.getElementsByTagName('div');
    for (i = 0; i < d.length; i++) {
      if (d[i].className == 'log') {
        flip(d[i]);
      }
    }
  }
}

// -->
</script>

</head>
<body>
<h2 align='center'>Test</h2><table border='1' align="center">
<tr>
<td>Tests passed/Failed/Skipped:</td><td>16/1/0</td>
</tr><tr>
<td>Started on:</td><td>Thu Feb 29 22:37:11 IST 2024</td>
</tr>
<tr><td>Total time:</td><td>104 seconds (104464 ms)</td>
</tr><tr>
<td>Included groups:</td><td></td>
</tr><tr>
<td>Excluded groups:</td><td></td>
</tr>
</table><p/>
<small><i>(Hover the method name to see the test class name)</i></small><p/>
<table width='100%' border='1' class='invocation-failed'>
<tr><td colspan='4' align='center'><b>FAILED TESTS</b></td></tr>
<tr><td><b>Test method</b></td>
<td width="30%"><b>Exception</b></td>
<td width="10%"><b>Time (seconds)</b></td>
<td><b>Instance</b></td>
</tr>
<tr>
<td title='testCases.TC01_Homepage.TC005_DoctorSelect()'><b>TC005_DoctorSelect</b><br>Test class: testCases.TC01_Homepage</td>
<td><div><pre>org.openqa.selenium.StaleElementReferenceException: stale element reference: stale element not found
  (Session info: chrome=115.0.5790.99)
For documentation on this error, please visit: https://www.selenium.dev/documentation/webdriver/troubleshooting/errors#stale-element-reference-exception
Build info: version: &apos;4.17.0&apos;, revision: &apos;e52b1be057*&apos;
System info: os.name: &apos;Windows 11&apos;, os.arch: &apos;amd64&apos;, os.version: &apos;10.0&apos;, java.version: &apos;17.0.9&apos;
Driver info: org.openqa.selenium.chrome.ChromeDriver
Command: [b405b9b8ccda7ac01b361d524aa53e50, clickElement {id=D53C8AC60CAEB25738687BC828FBD5DA_element_44}]
Capabilities {acceptInsecureCerts: false, browserName: chrome, browserVersion: 115.0.5790.99, chrome: {chromedriverVersion: 115.0.5790.170 (cc0d30c2ca5..., userDataDir: C:\Windows\SystemTemp\scope...}, goog:chromeOptions: {debuggerAddress: localhost:56621}, networkConnectionEnabled: false, pageLoadStrategy: normal, platformName: windows, proxy: Proxy(), se:cdp: ws://localhost:56621/devtoo..., se:cdpVersion: 115.0.5790.99, setWindowRect: true, strictFileInteractability: false, timeouts: {implicit: 0, pageLoad: 300000, script: 30000}, unhandledPromptBehavior: dismiss and notify, webauthn:extension:credBlob: true, webauthn:extension:largeBlob: true, webauthn:extension:minPinLength: true, webauthn:extension:prf: true, webauthn:virtualAuthenticators: true}
Element: [[ChromeDriver: chrome on windows (b405b9b8ccda7ac01b361d524aa53e50)] -&gt; xpath: (//div[@data-qa-id=&apos;omni-suggestion-main&apos;])[1]]
Session ID: b405b9b8ccda7ac01b361d524aa53e50
	at org.openqa.selenium.remote.codec.w3c.W3CHttpResponseCodec.createException(W3CHttpResponseCodec.java:185)
	at org.openqa.selenium.remote.codec.w3c.W3CHttpResponseCodec.decode(W3CHttpResponseCodec.java:134)
	at org.openqa.selenium.remote.codec.w3c.W3CHttpResponseCodec.decode(W3CHttpResponseCodec.java:51)
	at org.openqa.selenium.remote.HttpCommandExecutor.execute(HttpCommandExecutor.java:190)
	at org.openqa.selenium.remote.service.DriverCommandExecutor.invokeExecute(DriverCommandExecutor.java:216)
	at org.openqa.selenium.remote.service.DriverCommandExecutor.execute(DriverCommandExecutor.java:174)
	at org.openqa.selenium.remote.RemoteWebDriver.execute(RemoteWebDriver.java:519)
	at org.openqa.selenium.remote.RemoteWebElement.execute(RemoteWebElement.java:223)
	at org.openqa.selenium.remote.RemoteWebElement.click(RemoteWebElement.java:76)
	at org.openqa.selenium.support.pagefactory.internal.LocatingElementHandler.invoke(LocatingElementHandler.java:51)
	at jdk.proxy2/jdk.proxy2.$Proxy48.click(Unknown Source)
	at pageObjects.HomePage.selectDoctor(HomePage.java:65)
	at testCases.TC01_Homepage.TC005_DoctorSelect(TC01_Homepage.java:54)
	at java.base/java.util.ArrayList.forEach(ArrayList.java:1511)
... Removed 36 stack frames</pre></div><a href='#' onClick='toggleBox("stack-trace994185757", this, "Click to show all stack frames", "Click to hide stack frames")'>Click to show all stack frames</a>
<div class='stack-trace' id='stack-trace994185757'><pre>org.openqa.selenium.StaleElementReferenceException: stale element reference: stale element not found
  (Session info: chrome=115.0.5790.99)
For documentation on this error, please visit: https://www.selenium.dev/documentation/webdriver/troubleshooting/errors#stale-element-reference-exception
Build info: version: &apos;4.17.0&apos;, revision: &apos;e52b1be057*&apos;
System info: os.name: &apos;Windows 11&apos;, os.arch: &apos;amd64&apos;, os.version: &apos;10.0&apos;, java.version: &apos;17.0.9&apos;
Driver info: org.openqa.selenium.chrome.ChromeDriver
Command: [b405b9b8ccda7ac01b361d524aa53e50, clickElement {id=D53C8AC60CAEB25738687BC828FBD5DA_element_44}]
Capabilities {acceptInsecureCerts: false, browserName: chrome, browserVersion: 115.0.5790.99, chrome: {chromedriverVersion: 115.0.5790.170 (cc0d30c2ca5..., userDataDir: C:\Windows\SystemTemp\scope...}, goog:chromeOptions: {debuggerAddress: localhost:56621}, networkConnectionEnabled: false, pageLoadStrategy: normal, platformName: windows, proxy: Proxy(), se:cdp: ws://localhost:56621/devtoo..., se:cdpVersion: 115.0.5790.99, setWindowRect: true, strictFileInteractability: false, timeouts: {implicit: 0, pageLoad: 300000, script: 30000}, unhandledPromptBehavior: dismiss and notify, webauthn:extension:credBlob: true, webauthn:extension:largeBlob: true, webauthn:extension:minPinLength: true, webauthn:extension:prf: true, webauthn:virtualAuthenticators: true}
Element: [[ChromeDriver: chrome on windows (b405b9b8ccda7ac01b361d524aa53e50)] -&gt; xpath: (//div[@data-qa-id=&apos;omni-suggestion-main&apos;])[1]]
Session ID: b405b9b8ccda7ac01b361d524aa53e50
	at java.base/jdk.internal.reflect.NativeConstructorAccessorImpl.newInstance0(Native Method)
	at java.base/jdk.internal.reflect.NativeConstructorAccessorImpl.newInstance(NativeConstructorAccessorImpl.java:77)
	at java.base/jdk.internal.reflect.DelegatingConstructorAccessorImpl.newInstance(DelegatingConstructorAccessorImpl.java:45)
	at java.base/java.lang.reflect.Constructor.newInstanceWithCaller(Constructor.java:499)
	at java.base/java.lang.reflect.Constructor.newInstance(Constructor.java:480)
	at org.openqa.selenium.remote.codec.w3c.W3CHttpResponseCodec.createException(W3CHttpResponseCodec.java:185)
	at org.openqa.selenium.remote.codec.w3c.W3CHttpResponseCodec.decode(W3CHttpResponseCodec.java:134)
	at org.openqa.selenium.remote.codec.w3c.W3CHttpResponseCodec.decode(W3CHttpResponseCodec.java:51)
	at org.openqa.selenium.remote.HttpCommandExecutor.execute(HttpCommandExecutor.java:190)
	at org.openqa.selenium.remote.service.DriverCommandExecutor.invokeExecute(DriverCommandExecutor.java:216)
	at org.openqa.selenium.remote.service.DriverCommandExecutor.execute(DriverCommandExecutor.java:174)
	at org.openqa.selenium.remote.RemoteWebDriver.execute(RemoteWebDriver.java:519)
	at org.openqa.selenium.remote.RemoteWebElement.execute(RemoteWebElement.java:223)
	at org.openqa.selenium.remote.RemoteWebElement.click(RemoteWebElement.java:76)
	at java.base/jdk.internal.reflect.NativeMethodAccessorImpl.invoke0(Native Method)
	at java.base/jdk.internal.reflect.NativeMethodAccessorImpl.invoke(NativeMethodAccessorImpl.java:77)
	at java.base/jdk.internal.reflect.DelegatingMethodAccessorImpl.invoke(DelegatingMethodAccessorImpl.java:43)
	at java.base/java.lang.reflect.Method.invoke(Method.java:568)
	at org.openqa.selenium.support.pagefactory.internal.LocatingElementHandler.invoke(LocatingElementHandler.java:51)
	at jdk.proxy2/jdk.proxy2.$Proxy48.click(Unknown Source)
	at pageObjects.HomePage.selectDoctor(HomePage.java:65)
	at testCases.TC01_Homepage.TC005_DoctorSelect(TC01_Homepage.java:54)
	at java.base/jdk.internal.reflect.NativeMethodAccessorImpl.invoke0(Native Method)
	at java.base/jdk.internal.reflect.NativeMethodAccessorImpl.invoke(NativeMethodAccessorImpl.java:77)
	at java.base/jdk.internal.reflect.DelegatingMethodAccessorImpl.invoke(DelegatingMethodAccessorImpl.java:43)
	at java.base/java.lang.reflect.Method.invoke(Method.java:568)
	at org.testng.internal.MethodInvocationHelper.invokeMethod(MethodInvocationHelper.java:133)
	at org.testng.internal.TestInvoker.invokeMethod(TestInvoker.java:598)
	at org.testng.internal.TestInvoker.invokeTestMethod(TestInvoker.java:173)
	at org.testng.internal.MethodRunner.runInSequence(MethodRunner.java:46)
	at org.testng.internal.TestInvoker$MethodInvocationAgent.invoke(TestInvoker.java:824)
	at org.testng.internal.TestInvoker.invokeTestMethods(TestInvoker.java:146)
	at org.testng.internal.TestMethodWorker.invokeTestMethods(TestMethodWorker.java:146)
	at org.testng.internal.TestMethodWorker.run(TestMethodWorker.java:128)
	at java.base/java.util.ArrayList.forEach(ArrayList.java:1511)
	at org.testng.TestRunner.privateRun(TestRunner.java:794)
	at org.testng.TestRunner.run(TestRunner.java:596)
	at org.testng.SuiteRunner.runTest(SuiteRunner.java:377)
	at org.testng.SuiteRunner.runSequentially(SuiteRunner.java:371)
	at org.testng.SuiteRunner.privateRun(SuiteRunner.java:332)
	at org.testng.SuiteRunner.run(SuiteRunner.java:276)
	at org.testng.SuiteRunnerWorker.runSuite(SuiteRunnerWorker.java:53)
	at org.testng.SuiteRunnerWorker.run(SuiteRunnerWorker.java:96)
	at org.testng.TestNG.runSuitesSequentially(TestNG.java:1212)
	at org.testng.TestNG.runSuitesLocally(TestNG.java:1134)
	at org.testng.TestNG.runSuites(TestNG.java:1063)
	at org.testng.TestNG.run(TestNG.java:1031)
	at org.testng.remote.AbstractRemoteTestNG.run(AbstractRemoteTestNG.java:115)
	at org.testng.remote.RemoteTestNG.initAndRun(RemoteTestNG.java:251)
	at org.testng.remote.RemoteTestNG.main(RemoteTestNG.java:77)
</pre></div></td>
<td>0</td>
<td>testCases.TC01_Homepage@d5b810e</td></tr>
</table><p>
<table width='100%' border='1' class='invocation-passed'>
<tr><td colspan='4' align='center'><b>PASSED TESTS</b></td></tr>
<tr><td><b>Test method</b></td>
<td width="30%"><b>Exception</b></td>
<td width="10%"><b>Time (seconds)</b></td>
<td><b>Instance</b></td>
</tr>
<tr>
<td title='testCases.TC02_DoctorPage.TC003_FilterSelect()'><b>TC003_FilterSelect</b><br>Test class: testCases.TC02_DoctorPage</td>
<td></td>
<td>7</td>
<td>testCases.TC02_DoctorPage@57cf54e1</td></tr>
<tr>
<td title='testCases.TC04_ForCorporates.TC03_Details()'><b>TC03_Details</b><br>Test class: testCases.TC04_ForCorporates</td>
<td></td>
<td>39</td>
<td>testCases.TC04_ForCorporates@37d4349f</td></tr>
<tr>
<td title='testCases.TC02_DoctorPage.TC001_PatientStory()'><b>TC001_PatientStory</b><br>Test class: testCases.TC02_DoctorPage</td>
<td></td>
<td>20</td>
<td>testCases.TC02_DoctorPage@57cf54e1</td></tr>
<tr>
<td title='testCases.TC02_DoctorPage.TC004_Relevance()'><b>TC004_Relevance</b><br>Test class: testCases.TC02_DoctorPage</td>
<td></td>
<td>3</td>
<td>testCases.TC02_DoctorPage@57cf54e1</td></tr>
<tr>
<td title='testCases.TC03_SurgeriesList.TC01_Surgery()'><b>TC01_Surgery</b><br>Test class: testCases.TC03_SurgeriesList</td>
<td></td>
<td>1</td>
<td>testCases.TC03_SurgeriesList@5b03b9fe</td></tr>
<tr>
<td title='testCases.TC03_SurgeriesList.TC02_Scroll()'><b>TC02_Scroll</b><br>Test class: testCases.TC03_SurgeriesList</td>
<td></td>
<td>0</td>
<td>testCases.TC03_SurgeriesList@5b03b9fe</td></tr>
<tr>
<td title='testCases.TC04_ForCorporates.TC04_Message()'><b>TC04_Message</b><br>Test class: testCases.TC04_ForCorporates</td>
<td></td>
<td>0</td>
<td>testCases.TC04_ForCorporates@37d4349f</td></tr>
<tr>
<td title='testCases.TC02_DoctorPage.TC002_DoctorExp()'><b>TC002_DoctorExp</b><br>Test class: testCases.TC02_DoctorPage</td>
<td></td>
<td>2</td>
<td>testCases.TC02_DoctorPage@57cf54e1</td></tr>
<tr>
<td title='testCases.TC01_Homepage.TC001_Location()'><b>TC001_Location</b><br>Test class: testCases.TC01_Homepage</td>
<td></td>
<td>1</td>
<td>testCases.TC01_Homepage@d5b810e</td></tr>
<tr>
<td title='testCases.TC04_ForCorporates.TC02_ScrollDown()'><b>TC02_ScrollDown</b><br>Test class: testCases.TC04_ForCorporates</td>
<td></td>
<td>0</td>
<td>testCases.TC04_ForCorporates@37d4349f</td></tr>
<tr>
<td title='testCases.TC01_Homepage.TC002_DropOption()'><b>TC002_DropOption</b><br>Test class: testCases.TC01_Homepage</td>
<td></td>
<td>0</td>
<td>testCases.TC01_Homepage@d5b810e</td></tr>
<tr>
<td title='testCases.TC01_Homepage.TC004_SendDoctor()'><b>TC004_SendDoctor</b><br>Test class: testCases.TC01_Homepage</td>
<td></td>
<td>0</td>
<td>testCases.TC01_Homepage@d5b810e</td></tr>
<tr>
<td title='testCases.TC02_DoctorPage.TC005_Doctor()'><b>TC005_Doctor</b><br>Test class: testCases.TC02_DoctorPage</td>
<td></td>
<td>1</td>
<td>testCases.TC02_DoctorPage@57cf54e1</td></tr>
<tr>
<td title='testCases.TC03_SurgeriesList.SurgeryList()'><b>SurgeryList</b><br>Test class: testCases.TC03_SurgeriesList</td>
<td></td>
<td>3</td>
<td>testCases.TC03_SurgeriesList@5b03b9fe</td></tr>
<tr>
<td title='testCases.TC04_ForCorporates.TC01_Corporate()'><b>TC01_Corporate</b><br>Test class: testCases.TC04_ForCorporates</td>
<td></td>
<td>3</td>
<td>testCases.TC04_ForCorporates@37d4349f</td></tr>
<tr>
<td title='testCases.TC01_Homepage.TC003_DoctorSearch()'><b>TC003_DoctorSearch</b><br>Test class: testCases.TC01_Homepage</td>
<td></td>
<td>0</td>
<td>testCases.TC01_Homepage@d5b810e</td></tr>
</table><p>
</body>
</html>