<?xml version="1.0" encoding="UTF-8"?>
<!-- Generated by org.testng.reporters.JUnitXMLReporter -->
<testsuite ignored="6" hostname="LTIN173527" failures="1" tests="17" name="Test" time="104.464" errors="0" timestamp="2024-02-29T22:38:55 IST">
  <testcase classname="testCases.TC01_Homepage" name="TC001_Location" time="1.644"/>
  <testcase classname="testCases.TC01_Homepage" name="TC002_DropOption" time="0.111"/>
  <testcase classname="testCases.TC01_Homepage" name="TC003_DoctorSearch" time="0.067"/>
  <testcase classname="testCases.TC01_Homepage" name="TC004_SendDoctor" time="0.072"/>
  <testcase classname="testCases.TC01_Homepage" name="TC005_DoctorSelect" time="0.078">
    <failure type="org.openqa.selenium.StaleElementReferenceException" message="stale element reference: stale element not found
  (Session info: chrome=115.0.5790.99)
For documentation on this error, please visit: https://www.selenium.dev/documentation/webdriver/troubleshooting/errors#stale-element-reference-exception
Build info: version: &amp;apos;4.17.0&amp;apos;, revision: &amp;apos;e52b1be057*&amp;apos;
System info: os.name: &amp;apos;Windows 11&amp;apos;, os.arch: &amp;apos;amd64&amp;apos;, os.version: &amp;apos;10.0&amp;apos;, java.version: &amp;apos;17.0.9&amp;apos;
Driver info: org.openqa.selenium.chrome.ChromeDriver
Command: [b405b9b8ccda7ac01b361d524aa53e50, clickElement {id=D53C8AC60CAEB25738687BC828FBD5DA_element_44}]
Capabilities {acceptInsecureCerts: false, browserName: chrome, browserVersion: 115.0.5790.99, chrome: {chromedriverVersion: 115.0.5790.170 (cc0d30c2ca5..., userDataDir: C:\Windows\SystemTemp\scope...}, goog:chromeOptions: {debuggerAddress: localhost:56621}, networkConnectionEnabled: false, pageLoadStrategy: normal, platformName: windows, proxy: Proxy(), se:cdp: ws://localhost:56621/devtoo..., se:cdpVersion: 115.0.5790.99, setWindowRect: true, strictFileInteractability: false, timeouts: {implicit: 0, pageLoad: 300000, script: 30000}, unhandledPromptBehavior: dismiss and notify, webauthn:extension:credBlob: true, webauthn:extension:largeBlob: true, webauthn:extension:minPinLength: true, webauthn:extension:prf: true, webauthn:virtualAuthenticators: true}
Element: [[ChromeDriver: chrome on windows (b405b9b8ccda7ac01b361d524aa53e50)] -&amp;gt; xpath: (//div[@data-qa-id=&amp;apos;omni-suggestion-main&amp;apos;])[1]]
Session ID: b405b9b8ccda7ac01b361d524aa53e50">
      <![CDATA[org.openqa.selenium.StaleElementReferenceException: stale element reference: stale element not found
  (Session info: chrome=115.0.5790.99)
For documentation on this error, please visit: https://www.selenium.dev/documentation/webdriver/troubleshooting/errors#stale-element-reference-exception
Build info: version: '4.17.0', revision: 'e52b1be057*'
System info: os.name: 'Windows 11', os.arch: 'amd64', os.version: '10.0', java.version: '17.0.9'
Driver info: org.openqa.selenium.chrome.ChromeDriver
Command: [b405b9b8ccda7ac01b361d524aa53e50, clickElement {id=D53C8AC60CAEB25738687BC828FBD5DA_element_44}]
Capabilities {acceptInsecureCerts: false, browserName: chrome, browserVersion: 115.0.5790.99, chrome: {chromedriverVersion: 115.0.5790.170 (cc0d30c2ca5..., userDataDir: C:\Windows\SystemTemp\scope...}, goog:chromeOptions: {debuggerAddress: localhost:56621}, networkConnectionEnabled: false, pageLoadStrategy: normal, platformName: windows, proxy: Proxy(), se:cdp: ws://localhost:56621/devtoo..., se:cdpVersion: 115.0.5790.99, setWindowRect: true, strictFileInteractability: false, timeouts: {implicit: 0, pageLoad: 300000, script: 30000}, unhandledPromptBehavior: dismiss and notify, webauthn:extension:credBlob: true, webauthn:extension:largeBlob: true, webauthn:extension:minPinLength: true, webauthn:extension:prf: true, webauthn:virtualAuthenticators: true}
Element: [[ChromeDriver: chrome on windows (b405b9b8ccda7ac01b361d524aa53e50)] -> xpath: (//div[@data-qa-id='omni-suggestion-main'])[1]]
Session ID: b405b9b8ccda7ac01b361d524aa53e50
at org.openqa.selenium.remote.codec.w3c.W3CHttpResponseCodec.createException(W3CHttpResponseCodec.java:185)
at org.openqa.selenium.remote.codec.w3c.W3CHttpResponseCodec.decode(W3CHttpResponseCodec.java:134)
at org.openqa.selenium.remote.codec.w3c.W3CHttpResponseCodec.decode(W3CHttpResponseCodec.java:51)
at org.openqa.selenium.remote.HttpCommandExecutor.execute(HttpCommandExecutor.java:190)
at org.openqa.selenium.remote.service.DriverCommandExecutor.invokeExecute(DriverCommandExecutor.java:216)
at org.openqa.selenium.remote.service.DriverCommandExecutor.execute(DriverCommandExecutor.java:174)
at org.openqa.selenium.remote.RemoteWebDriver.execute(RemoteWebDriver.java:519)
at org.openqa.selenium.remote.RemoteWebElement.execute(RemoteWebElement.java:223)
at org.openqa.selenium.remote.RemoteWebElement.click(RemoteWebElement.java:76)
at org.openqa.selenium.support.pagefactory.internal.LocatingElementHandler.invoke(LocatingElementHandler.java:51)
at jdk.proxy2/jdk.proxy2.$Proxy48.click(Unknown Source)
at pageObjects.HomePage.selectDoctor(HomePage.java:65)
at testCases.TC01_Homepage.TC005_DoctorSelect(TC01_Homepage.java:54)
at java.base/java.util.ArrayList.forEach(ArrayList.java:1511)
... Removed 36 stack frames]]>
    </failure>
  </testcase> <!-- TC005_DoctorSelect -->
  <testcase classname="testCases.TC02_DoctorPage" name="TC001_PatientStory" time="20.353"/>
  <testcase classname="testCases.TC02_DoctorPage" name="TC002_DoctorExp" time="2.313"/>
  <testcase classname="testCases.TC02_DoctorPage" name="TC003_FilterSelect" time="7.543"/>
  <testcase classname="testCases.TC02_DoctorPage" name="TC004_Relevance" time="3.681"/>
  <testcase classname="testCases.TC02_DoctorPage" name="TC005_Doctor" time="1.687"/>
  <testcase classname="testCases.TC03_SurgeriesList" name="TC01_Surgery" time="1.222"/>
  <testcase classname="testCases.TC03_SurgeriesList" name="TC02_Scroll" time="0.035"/>
  <testcase classname="testCases.TC03_SurgeriesList" name="SurgeryList" time="3.13"/>
  <testcase classname="testCases.TC04_ForCorporates" name="TC01_Corporate" time="3.969"/>
  <testcase classname="testCases.TC04_ForCorporates" name="TC02_ScrollDown" time="0.147"/>
  <testcase classname="testCases.TC04_ForCorporates" name="TC03_Details" time="39.567"/>
  <testcase classname="testCases.TC04_ForCorporates" name="TC04_Message" time="0.096"/>
  <testcase classname="testBase.BaseClass" name="@AfterTest tearDown" time="0.0">
    <ignored/>
  </testcase> <!-- @AfterTest tearDown -->
  <testcase classname="testBase.BaseClass" name="@AfterTest tearDown" time="0.0">
    <ignored/>
  </testcase> <!-- @AfterTest tearDown -->
  <testcase classname="testBase.BaseClass" name="@AfterTest tearDown" time="0.0">
    <ignored/>
  </testcase> <!-- @AfterTest tearDown -->
  <testcase classname="testBase.BaseClass" name="@BeforeTest setup" time="0.0">
    <ignored/>
  </testcase> <!-- @BeforeTest setup -->
  <testcase classname="testBase.BaseClass" name="@BeforeTest setup" time="0.0">
    <ignored/>
  </testcase> <!-- @BeforeTest setup -->
  <testcase classname="testBase.BaseClass" name="@BeforeTest setup" time="0.0">
    <ignored/>
  </testcase> <!-- @BeforeTest setup -->
</testsuite> <!-- Test -->
